Arguments: 
  C:\Program Files\nodejs\node.exe C:\Users\c9y7i\AppData\Roaming\npm\node_modules\yarn\bin\yarn.js add @react-native-async-storage/async-storage

PATH: 
  C:\Program Files (x86)\Common Files\Oracle\Java\javapath;C:\WINDOWS\system32;C:\WINDOWS;C:\WINDOWS\System32\Wbem;C:\WINDOWS\System32\WindowsPowerShell\v1.0\;C:\WINDOWS\System32\OpenSSH\;C:\Users\c9y7i\AppData\Local\Programs\Python\Python37;C:\Users\c9y7i\AppData\Local\Programs\Python\Python37\Scripts;C:\Users\c9y7i\Desktop\SFU\uncrustify-0.71.0_f-win64;C:\Program Files\nodejs\;C:\Program Files\Git\cmd;C:\Program Files (x86)\Common Files\Oracle\Java\javapath;C:\WINDOWS\system32;C:\WINDOWS;C:\WINDOWS\System32\Wbem;C:\WINDOWS\System32\WindowsPowerShell\v1.0\;C:\WINDOWS\System32\OpenSSH\;C:\Users\c9y7i\AppData\Local\Programs\Python\Python37;C:\Users\c9y7i\AppData\Local\Microsoft\WindowsApps;C:\Users\c9y7i\AppData\Local\atom\bin;C:\Python34\Scripts;C:\Program Files\Java\jdk1.8.0_251\bin;C:\Users\c9y7i\AppData\Roaming\npm;C:\Users\c9y7i\AppData\Local\Programs\Microsoft VS Code\bin

Yarn version: 
  1.22.10

Node version: 
  12.18.4

Platform: 
  win32 x64

Trace: 
  Error: EPERM: operation not permitted, unlink 'C:\Users\c9y7i\Desktop\project\ezpark-mobile\node_modules\@babel\plugin-external-helpers\lib'

npm manifest: 
  {
    "main": "node_modules/expo/AppEntry.js",
    "scripts": {
      "start": "expo start",
      "android": "expo start --android",
      "ios": "expo start --ios",
      "web": "expo start --web",
      "eject": "expo eject"
    },
    "dependencies": {
      "@react-native-community/masked-view": "0.1.10",
      "@react-navigation/bottom-tabs": "^5.10.2",
      "@react-navigation/drawer": "^5.10.2",
      "@react-navigation/native": "^5.8.0",
      "@react-navigation/stack": "^5.10.0",
      "axios": "^0.21.0",
      "expo": "~39.0.2",
      "expo-status-bar": "~1.0.2",
      "react": "16.13.1",
      "react-dom": "16.13.1",
      "react-native": "https://github.com/expo/react-native/archive/sdk-39.0.4.tar.gz",
      "react-native-gesture-handler": "~1.7.0",
      "react-native-reanimated": "~1.13.0",
      "react-native-safe-area-context": "3.1.4",
      "react-native-screens": "~2.10.1",
      "react-native-vector-icons": "^7.1.0",
      "react-native-web": "~0.13.12",
      "react-navigation": "^4.4.3",
      "styled-components": "^5.2.1"
    },
    "devDependencies": {
      "@babel/core": "~7.9.0"
    },
    "private": true
  }

yarn manifest: 
  No manifest

Lockfile: 
  No lockfile
